[debug] [2022-11-26T17:44:21.572Z] ----------------------------------------------------------------------
[debug] [2022-11-26T17:44:21.574Z] Command:       C:\Program Files\nodejs\node.exe C:\Users\taani\AppData\Roaming\npm\node_modules\firebase-tools\lib\bin\firebase.js init
[debug] [2022-11-26T17:44:21.575Z] CLI Version:   11.16.1
[debug] [2022-11-26T17:44:21.575Z] Platform:      win32
[debug] [2022-11-26T17:44:21.575Z] Node Version:  v16.14.2
[debug] [2022-11-26T17:44:21.576Z] Time:          Sat Nov 26 2022 23:14:21 GMT+0530 (India Standard Time)
[debug] [2022-11-26T17:44:21.576Z] ----------------------------------------------------------------------
[debug] 
[debug] [2022-11-26T17:44:21.580Z] >>> [apiv2][query] GET https://firebase-public.firebaseio.com/cli.json [none]
[debug] [2022-11-26T17:44:21.601Z] > command requires scopes: ["email","openid","https://www.googleapis.com/auth/cloudplatformprojects.readonly","https://www.googleapis.com/auth/firebase","https://www.googleapis.com/auth/cloud-platform"]
[debug] [2022-11-26T17:44:21.601Z] > authorizing via signed-in user (taanishkag078@gmail.com)
[info] 
     ######## #### ########  ######## ########     ###     ######  ########
     ##        ##  ##     ## ##       ##     ##  ##   ##  ##       ##
     ######    ##  ########  ######   ########  #########  ######  ######
     ##        ##  ##    ##  ##       ##     ## ##     ##       ## ##
     ##       #### ##     ## ######## ########  ##     ##  ######  ########

You're about to initialize a Firebase project in this directory:

  C:\Users\taani\Downloads\movie-app-master\Lets-Watch

[debug] [2022-11-26T17:44:22.376Z] <<< [apiv2][status] GET https://firebase-public.firebaseio.com/cli.json 200
[debug] [2022-11-26T17:44:22.377Z] <<< [apiv2][body] GET https://firebase-public.firebaseio.com/cli.json {"cloudBuildErrorAfter":1594252800000,"cloudBuildWarnAfter":1590019200000,"defaultNode10After":1594252800000,"minVersion":"3.0.5","node8DeploysDisabledAfter":1613390400000,"node8RuntimeDisabledAfter":1615809600000,"node8WarnAfter":1600128000000}
